<?xml version="1.0" encoding="UTF-8"?>
<testng-results ignored="0" total="8" passed="8" failed="0" skipped="0">
  <reporter-output>
  </reporter-output>
  <suite started-at="2025-04-25T02:10:37 IST" name="Bonify_Rishabh_Sehgal" finished-at="2025-04-25T02:15:58 IST" duration-ms="321061">
    <groups>
    </groups>
    <test started-at="2025-04-25T02:10:37 IST" name="Bonify" finished-at="2025-04-25T02:15:58 IST" duration-ms="321061">
      <class name="TestCases.TC_001">
        <test-method is-config="true" signature="setup(java.lang.String)[pri:0, instance:TestCases.TC_001@72057ecf]" started-at="2025-04-25T02:10:37 IST" name="setup" finished-at="2025-04-25T02:10:41 IST" duration-ms="3333" status="PASS">
          <params>
            <param index="0">
              <value>
                <![CDATA[chrome]]>
              </value>
            </param>
          </params>
          <reporter-output>
          </reporter-output>
        </test-method> <!-- setup -->
        <test-method signature="CoockiesPopupAccept()[pri:1, instance:TestCases.TC_001@72057ecf]" started-at="2025-04-25T02:10:41 IST" name="CoockiesPopupAccept" finished-at="2025-04-25T02:10:46 IST" duration-ms="5067" status="PASS">
          <reporter-output>
          </reporter-output>
        </test-method> <!-- CoockiesPopupAccept -->
        <test-method signature="ClickingRegistrationCTA()[pri:2, instance:TestCases.TC_001@72057ecf]" started-at="2025-04-25T02:10:46 IST" name="ClickingRegistrationCTA" finished-at="2025-04-25T02:11:59 IST" duration-ms="72132" status="PASS">
          <reporter-output>
          </reporter-output>
        </test-method> <!-- ClickingRegistrationCTA -->
        <test-method signature="RepeatCoockiesPopupAccept()[pri:3, instance:TestCases.TC_001@72057ecf]" started-at="2025-04-25T02:11:59 IST" name="RepeatCoockiesPopupAccept" finished-at="2025-04-25T02:12:04 IST" duration-ms="5080" status="PASS">
          <reporter-output>
          </reporter-output>
        </test-method> <!-- RepeatCoockiesPopupAccept -->
        <test-method signature="RFieldValidation()[pri:4, instance:TestCases.TC_001@72057ecf]" started-at="2025-04-25T02:12:04 IST" name="RFieldValidation" finished-at="2025-04-25T02:12:32 IST" duration-ms="27756" status="PASS">
          <reporter-output>
          </reporter-output>
        </test-method> <!-- RFieldValidation -->
        <test-method is-config="true" signature="tearDown()[pri:0, instance:TestCases.TC_001@72057ecf]" started-at="2025-04-25T02:12:33 IST" name="tearDown" finished-at="2025-04-25T02:12:33 IST" duration-ms="168" status="PASS">
          <reporter-output>
          </reporter-output>
        </test-method> <!-- tearDown -->
      </class> <!-- TestCases.TC_001 -->
      <class name="TestCases.TC_002">
        <test-method is-config="true" signature="setup(java.lang.String)[pri:0, instance:TestCases.TC_002@6e171cd7]" started-at="2025-04-25T02:12:33 IST" name="setup" finished-at="2025-04-25T02:12:35 IST" duration-ms="2417" status="PASS">
          <params>
            <param index="0">
              <value>
                <![CDATA[chrome]]>
              </value>
            </param>
          </params>
          <reporter-output>
          </reporter-output>
        </test-method> <!-- setup -->
        <test-method signature="CoockiesPopupAccept()[pri:1, instance:TestCases.TC_002@6e171cd7]" started-at="2025-04-25T02:12:35 IST" name="CoockiesPopupAccept" finished-at="2025-04-25T02:12:40 IST" duration-ms="5086" status="PASS">
          <reporter-output>
          </reporter-output>
        </test-method> <!-- CoockiesPopupAccept -->
        <test-method signature="ClickingLoginCTA()[pri:2, instance:TestCases.TC_002@6e171cd7]" started-at="2025-04-25T02:12:41 IST" name="ClickingLoginCTA" finished-at="2025-04-25T02:13:53 IST" duration-ms="72617" status="PASS">
          <reporter-output>
          </reporter-output>
        </test-method> <!-- ClickingLoginCTA -->
        <test-method signature="RepeatCoockiesPopupAccept()[pri:3, instance:TestCases.TC_002@6e171cd7]" started-at="2025-04-25T02:13:54 IST" name="RepeatCoockiesPopupAccept" finished-at="2025-04-25T02:13:59 IST" duration-ms="5078" status="PASS">
          <reporter-output>
          </reporter-output>
        </test-method> <!-- RepeatCoockiesPopupAccept -->
        <test-method signature="LFieldValidation()[pri:4, instance:TestCases.TC_002@6e171cd7]" started-at="2025-04-25T02:13:59 IST" name="LFieldValidation" finished-at="2025-04-25T02:15:58 IST" duration-ms="118743" status="PASS">
          <reporter-output>
          </reporter-output>
        </test-method> <!-- LFieldValidation -->
        <test-method is-config="true" signature="tearDown()[pri:0, instance:TestCases.TC_002@6e171cd7]" started-at="2025-04-25T02:15:58 IST" name="tearDown" finished-at="2025-04-25T02:15:58 IST" duration-ms="182" status="PASS">
          <reporter-output>
          </reporter-output>
        </test-method> <!-- tearDown -->
      </class> <!-- TestCases.TC_002 -->
    </test> <!-- Bonify -->
  </suite> <!-- Bonify_Rishabh_Sehgal -->
</testng-results>
