<?xml version="1.0" encoding="UTF-8"?>
<testng-results ignored="0" total="6" passed="5" failed="1" skipped="0">
  <reporter-output>
  </reporter-output>
  <suite started-at="2025-04-25T19:12:46 IST" name="Bonify_Rishabh_Sehgal" finished-at="2025-04-25T19:15:49 IST" duration-ms="182726">
    <groups>
    </groups>
    <test started-at="2025-04-25T19:12:46 IST" name="BonifyRS" finished-at="2025-04-25T19:15:49 IST" duration-ms="182726">
      <class name="TestCases.TC_001">
        <test-method is-config="true" signature="setup(java.lang.String)[pri:0, instance:TestCases.TC_001@192d43ce]" started-at="2025-04-25T19:12:46 IST" name="setup" finished-at="2025-04-25T19:12:49 IST" duration-ms="3187" status="PASS">
          <params>
            <param index="0">
              <value>
                <![CDATA[chrome]]>
              </value>
            </param>
          </params>
          <reporter-output>
          </reporter-output>
        </test-method> <!-- setup -->
        <test-method signature="CoockiesPopupAcceptonLandingPage()[pri:1, instance:TestCases.TC_001@192d43ce]" started-at="2025-04-25T19:12:49 IST" name="CoockiesPopupAcceptonLandingPage" finished-at="2025-04-25T19:12:54 IST" duration-ms="5082" status="PASS">
          <reporter-output>
          </reporter-output>
        </test-method> <!-- CoockiesPopupAcceptonLandingPage -->
        <test-method signature="ClickingRegistrationCTA()[pri:2, instance:TestCases.TC_001@192d43ce]" started-at="2025-04-25T19:12:55 IST" name="ClickingRegistrationCTA" finished-at="2025-04-25T19:13:46 IST" duration-ms="51355" status="PASS">
          <reporter-output>
          </reporter-output>
        </test-method> <!-- ClickingRegistrationCTA -->
        <test-method signature="CoockiesPopupAcceptononRegistrationPage()[pri:3, instance:TestCases.TC_001@192d43ce]" started-at="2025-04-25T19:13:46 IST" name="CoockiesPopupAcceptononRegistrationPage" finished-at="2025-04-25T19:13:51 IST" duration-ms="5082" status="PASS">
          <reporter-output>
          </reporter-output>
        </test-method> <!-- CoockiesPopupAcceptononRegistrationPage -->
        <test-method signature="RFieldValidation()[pri:4, instance:TestCases.TC_001@192d43ce]" started-at="2025-04-25T19:13:52 IST" name="RFieldValidation" finished-at="2025-04-25T19:15:34 IST" duration-ms="102125" status="PASS">
          <reporter-output>
          </reporter-output>
        </test-method> <!-- RFieldValidation -->
        <test-method signature="RepeatCoockiesPopupAcceptonEmailVerifiactionPage()[pri:5, instance:TestCases.TC_001@192d43ce]" started-at="2025-04-25T19:15:34 IST" name="RepeatCoockiesPopupAcceptonEmailVerifiactionPage" finished-at="2025-04-25T19:15:39 IST" duration-ms="5021" status="PASS">
          <reporter-output>
          </reporter-output>
        </test-method> <!-- RepeatCoockiesPopupAcceptonEmailVerifiactionPage -->
        <test-method signature="PostLogout()[pri:6, instance:TestCases.TC_001@192d43ce]" started-at="2025-04-25T19:15:39 IST" name="PostLogout" finished-at="2025-04-25T19:15:48 IST" duration-ms="9069" status="FAIL">
          <exception class="org.openqa.selenium.NoSuchElementException">
            <message>
              <![CDATA[no such element: Unable to locate element: {"method":"xpath","selector":"//h2[@data-testid='CONFIRM_EMAIL_TITLE']"}
  (Session info: chrome=135.0.7049.115)
For documentation on this error, please visit: https://www.selenium.dev/documentation/webdriver/troubleshooting/errors#no-such-element-exception
Build info: version: '4.18.1', revision: 'b1d3319b48'
System info: os.name: 'Mac OS X', os.arch: 'aarch64', os.version: '15.4.1', java.version: '21.0.1'
Driver info: org.openqa.selenium.chrome.ChromeDriver
Command: [cf32bd75eb06ff93bf96262f9212c08e, findElement {using=xpath, value=//h2[@data-testid='CONFIRM_EMAIL_TITLE']}]
Capabilities {acceptInsecureCerts: false, browserName: chrome, browserVersion: 135.0.7049.115, chrome: {chromedriverVersion: 135.0.7049.114 (63fd8a7d9d0..., userDataDir: /var/folders/68/yqpvz1cd22n...}, fedcm:accounts: true, goog:chromeOptions: {debuggerAddress: localhost:64054}, networkConnectionEnabled: false, pageLoadStrategy: normal, platformName: mac, proxy: Proxy(), se:cdp: ws://localhost:64054/devtoo..., se:cdpVersion: 135.0.7049.115, setWindowRect: true, strictFileInteractability: false, timeouts: {implicit: 0, pageLoad: 300000, script: 30000}, unhandledPromptBehavior: dismiss and notify, webauthn:extension:credBlob: true, webauthn:extension:largeBlob: true, webauthn:extension:minPinLength: true, webauthn:extension:prf: true, webauthn:virtualAuthenticators: true}
Session ID: cf32bd75eb06ff93bf96262f9212c08e]]>
            </message>
            <full-stacktrace>
              <![CDATA[org.openqa.selenium.NoSuchElementException: no such element: Unable to locate element: {"method":"xpath","selector":"//h2[@data-testid='CONFIRM_EMAIL_TITLE']"}
  (Session info: chrome=135.0.7049.115)
For documentation on this error, please visit: https://www.selenium.dev/documentation/webdriver/troubleshooting/errors#no-such-element-exception
Build info: version: '4.18.1', revision: 'b1d3319b48'
System info: os.name: 'Mac OS X', os.arch: 'aarch64', os.version: '15.4.1', java.version: '21.0.1'
Driver info: org.openqa.selenium.chrome.ChromeDriver
Command: [cf32bd75eb06ff93bf96262f9212c08e, findElement {using=xpath, value=//h2[@data-testid='CONFIRM_EMAIL_TITLE']}]
Capabilities {acceptInsecureCerts: false, browserName: chrome, browserVersion: 135.0.7049.115, chrome: {chromedriverVersion: 135.0.7049.114 (63fd8a7d9d0..., userDataDir: /var/folders/68/yqpvz1cd22n...}, fedcm:accounts: true, goog:chromeOptions: {debuggerAddress: localhost:64054}, networkConnectionEnabled: false, pageLoadStrategy: normal, platformName: mac, proxy: Proxy(), se:cdp: ws://localhost:64054/devtoo..., se:cdpVersion: 135.0.7049.115, setWindowRect: true, strictFileInteractability: false, timeouts: {implicit: 0, pageLoad: 300000, script: 30000}, unhandledPromptBehavior: dismiss and notify, webauthn:extension:credBlob: true, webauthn:extension:largeBlob: true, webauthn:extension:minPinLength: true, webauthn:extension:prf: true, webauthn:virtualAuthenticators: true}
Session ID: cf32bd75eb06ff93bf96262f9212c08e
at java.base/jdk.internal.reflect.DirectConstructorHandleAccessor.newInstance(DirectConstructorHandleAccessor.java:62)
at java.base/java.lang.reflect.Constructor.newInstanceWithCaller(Constructor.java:502)
at java.base/java.lang.reflect.Constructor.newInstance(Constructor.java:486)
at org.openqa.selenium.remote.ErrorCodec.decode(ErrorCodec.java:167)
at org.openqa.selenium.remote.codec.w3c.W3CHttpResponseCodec.decode(W3CHttpResponseCodec.java:138)
at org.openqa.selenium.remote.codec.w3c.W3CHttpResponseCodec.decode(W3CHttpResponseCodec.java:50)
at org.openqa.selenium.remote.HttpCommandExecutor.execute(HttpCommandExecutor.java:190)
at org.openqa.selenium.remote.service.DriverCommandExecutor.invokeExecute(DriverCommandExecutor.java:216)
at org.openqa.selenium.remote.service.DriverCommandExecutor.execute(DriverCommandExecutor.java:174)
at org.openqa.selenium.remote.RemoteWebDriver.execute(RemoteWebDriver.java:519)
at org.openqa.selenium.remote.ElementLocation$ElementFinder$2.findElement(ElementLocation.java:165)
at org.openqa.selenium.remote.ElementLocation.findElement(ElementLocation.java:59)
at org.openqa.selenium.remote.RemoteWebDriver.findElement(RemoteWebDriver.java:356)
at org.openqa.selenium.remote.RemoteWebDriver.findElement(RemoteWebDriver.java:350)
at org.openqa.selenium.support.pagefactory.DefaultElementLocator.findElement(DefaultElementLocator.java:68)
at org.openqa.selenium.support.pagefactory.internal.LocatingElementHandler.invoke(LocatingElementHandler.java:38)
at jdk.proxy2/jdk.proxy2.$Proxy14.getText(Unknown Source)
at PageObjects.Registration.CheckEmailVerificationPage(Registration.java:74)
at TestCases.TC_001.PostLogout(TC_001.java:110)
at java.base/jdk.internal.reflect.DirectMethodHandleAccessor.invoke(DirectMethodHandleAccessor.java:103)
at java.base/java.lang.reflect.Method.invoke(Method.java:580)
at org.testng.internal.invokers.MethodInvocationHelper.invokeMethod(MethodInvocationHelper.java:139)
at org.testng.internal.invokers.TestInvoker.invokeMethod(TestInvoker.java:664)
at org.testng.internal.invokers.TestInvoker.invokeTestMethod(TestInvoker.java:228)
at org.testng.internal.invokers.MethodRunner.runInSequence(MethodRunner.java:63)
at org.testng.internal.invokers.TestInvoker$MethodInvocationAgent.invoke(TestInvoker.java:961)
at org.testng.internal.invokers.TestInvoker.invokeTestMethods(TestInvoker.java:201)
at org.testng.internal.invokers.TestMethodWorker.invokeTestMethods(TestMethodWorker.java:148)
at org.testng.internal.invokers.TestMethodWorker.run(TestMethodWorker.java:128)
at java.base/java.util.ArrayList.forEach(ArrayList.java:1596)
at org.testng.TestRunner.privateRun(TestRunner.java:819)
at org.testng.TestRunner.run(TestRunner.java:619)
at org.testng.SuiteRunner.runTest(SuiteRunner.java:443)
at org.testng.SuiteRunner.runSequentially(SuiteRunner.java:437)
at org.testng.SuiteRunner.privateRun(SuiteRunner.java:397)
at org.testng.SuiteRunner.run(SuiteRunner.java:336)
at org.testng.SuiteRunnerWorker.runSuite(SuiteRunnerWorker.java:52)
at org.testng.SuiteRunnerWorker.run(SuiteRunnerWorker.java:95)
at org.testng.TestNG.runSuitesSequentially(TestNG.java:1301)
at org.testng.TestNG.runSuitesLocally(TestNG.java:1228)
at org.testng.TestNG.runSuites(TestNG.java:1134)
at org.testng.TestNG.run(TestNG.java:1101)
at org.testng.remote.AbstractRemoteTestNG.run(AbstractRemoteTestNG.java:115)
at org.testng.remote.RemoteTestNG.initAndRun(RemoteTestNG.java:251)
at org.testng.remote.RemoteTestNG.main(RemoteTestNG.java:77)
]]>
            </full-stacktrace>
          </exception> <!-- org.openqa.selenium.NoSuchElementException -->
          <reporter-output>
          </reporter-output>
        </test-method> <!-- PostLogout -->
        <test-method is-config="true" signature="tearDown()[pri:0, instance:TestCases.TC_001@192d43ce]" started-at="2025-04-25T19:15:48 IST" name="tearDown" finished-at="2025-04-25T19:15:49 IST" duration-ms="165" status="PASS">
          <reporter-output>
          </reporter-output>
        </test-method> <!-- tearDown -->
      </class> <!-- TestCases.TC_001 -->
    </test> <!-- BonifyRS -->
  </suite> <!-- Bonify_Rishabh_Sehgal -->
</testng-results>
