<?xml version="1.0" encoding="UTF-8"?>
<!-- Generated by org.testng.reporters.JUnitXMLReporter -->
<testsuite ignored="0" hostname="Rishabhs-MacBook-Air.local" failures="0" tests="8" name="Bonify" time="321.061" errors="0" timestamp="2025-04-25T02:15:58 IST">
  <testcase classname="TestCases.TC_001" name="CoockiesPopupAccept" time="5.067"/>
  <testcase classname="TestCases.TC_001" name="ClickingRegistrationCTA" time="72.132"/>
  <testcase classname="TestCases.TC_001" name="RepeatCoockiesPopupAccept" time="5.08"/>
  <testcase classname="TestCases.TC_001" name="RFieldValidation" time="27.756"/>
  <testcase classname="TestCases.TC_002" name="CoockiesPopupAccept" time="5.086"/>
  <testcase classname="TestCases.TC_002" name="ClickingLoginCTA" time="72.617"/>
  <testcase classname="TestCases.TC_002" name="RepeatCoockiesPopupAccept" time="5.078"/>
  <testcase classname="TestCases.TC_002" name="LFieldValidation" time="118.743"/>
</testsuite> <!-- Bonify -->
