<?xml version="1.0" encoding="UTF-8"?>
<!-- Generated by org.testng.reporters.JUnitXMLReporter -->
<testsuite ignored="0" hostname="Rishabhs-MacBook-Air.local" failures="1" tests="1" name="JdMart" time="25.06" errors="0" timestamp="2025-04-23T14:59:26 IST">
  <testcase classname="TestCases.TC_003" name="RFQTest" time="11.579">
    <failure type="org.openqa.selenium.ElementNotInteractableException" message="Element &amp;lt;div class=&amp;quot;jsx-ef14f427dcfc6356 jdmart_modal_close jdmart_icon&amp;quot;&amp;gt; could not be scrolled into view
Build info: version: &amp;apos;4.18.1&amp;apos;, revision: &amp;apos;b1d3319b48&amp;apos;
System info: os.name: &amp;apos;Mac OS X&amp;apos;, os.arch: &amp;apos;aarch64&amp;apos;, os.version: &amp;apos;15.4.1&amp;apos;, java.version: &amp;apos;21.0.1&amp;apos;
Driver info: org.openqa.selenium.firefox.FirefoxDriver
Command: [4b272943-2b02-4d01-b929-313363670692, clickElement {id=9e5d80f2-e19f-421f-8704-f0af6869a87a}]
Capabilities {acceptInsecureCerts: true, browserName: firefox, browserVersion: 121.0.1, moz:accessibilityChecks: false, moz:buildID: 20240108143603, moz:debuggerAddress: 127.0.0.1:39851, moz:geckodriverVersion: 0.35.0, moz:headless: false, moz:platformVersion: 24.4.0, moz:processID: 3267, moz:profile: /var/folders/68/yqpvz1cd22n..., moz:shutdownTimeout: 60000, moz:webdriverClick: true, moz:windowless: false, pageLoadStrategy: normal, platformName: mac, proxy: Proxy(), se:cdp: ws://127.0.0.1:39851/devtoo..., se:cdpVersion: 85.0, setWindowRect: true, strictFileInteractability: false, timeouts: {implicit: 0, pageLoad: 300000, script: 30000}, unhandledPromptBehavior: dismiss and notify}
Element: [[FirefoxDriver: firefox on mac (4b272943-2b02-4d01-b929-313363670692)] -&amp;gt; xpath: //div[contains(@class,&amp;apos;jdmart_modal_close&amp;apos;)]]
Session ID: 4b272943-2b02-4d01-b929-313363670692">
      <![CDATA[org.openqa.selenium.ElementNotInteractableException: Element <div class="jsx-ef14f427dcfc6356 jdmart_modal_close jdmart_icon"> could not be scrolled into view
Build info: version: '4.18.1', revision: 'b1d3319b48'
System info: os.name: 'Mac OS X', os.arch: 'aarch64', os.version: '15.4.1', java.version: '21.0.1'
Driver info: org.openqa.selenium.firefox.FirefoxDriver
Command: [4b272943-2b02-4d01-b929-313363670692, clickElement {id=9e5d80f2-e19f-421f-8704-f0af6869a87a}]
Capabilities {acceptInsecureCerts: true, browserName: firefox, browserVersion: 121.0.1, moz:accessibilityChecks: false, moz:buildID: 20240108143603, moz:debuggerAddress: 127.0.0.1:39851, moz:geckodriverVersion: 0.35.0, moz:headless: false, moz:platformVersion: 24.4.0, moz:processID: 3267, moz:profile: /var/folders/68/yqpvz1cd22n..., moz:shutdownTimeout: 60000, moz:webdriverClick: true, moz:windowless: false, pageLoadStrategy: normal, platformName: mac, proxy: Proxy(), se:cdp: ws://127.0.0.1:39851/devtoo..., se:cdpVersion: 85.0, setWindowRect: true, strictFileInteractability: false, timeouts: {implicit: 0, pageLoad: 300000, script: 30000}, unhandledPromptBehavior: dismiss and notify}
Element: [[FirefoxDriver: firefox on mac (4b272943-2b02-4d01-b929-313363670692)] -> xpath: //div[contains(@class,'jdmart_modal_close')]]
Session ID: 4b272943-2b02-4d01-b929-313363670692
at org.openqa.selenium.remote.ErrorCodec.decode(ErrorCodec.java:167)
at org.openqa.selenium.remote.codec.w3c.W3CHttpResponseCodec.decode(W3CHttpResponseCodec.java:138)
at org.openqa.selenium.remote.codec.w3c.W3CHttpResponseCodec.decode(W3CHttpResponseCodec.java:50)
at org.openqa.selenium.remote.HttpCommandExecutor.execute(HttpCommandExecutor.java:190)
at org.openqa.selenium.remote.service.DriverCommandExecutor.invokeExecute(DriverCommandExecutor.java:216)
at org.openqa.selenium.remote.service.DriverCommandExecutor.execute(DriverCommandExecutor.java:174)
at org.openqa.selenium.remote.RemoteWebDriver.execute(RemoteWebDriver.java:519)
at org.openqa.selenium.remote.RemoteWebElement.execute(RemoteWebElement.java:223)
at org.openqa.selenium.remote.RemoteWebElement.click(RemoteWebElement.java:76)
at org.openqa.selenium.support.pagefactory.internal.LocatingElementHandler.invoke(LocatingElementHandler.java:51)
at jdk.proxy2/jdk.proxy2.$Proxy14.click(Unknown Source)
at PageObjects.RFQPopup.RFQPopupClose(RFQPopup.java:35)
at TestCases.TC_003.RFQTest(TC_003.java:32)
at java.base/java.util.ArrayList.forEach(ArrayList.java:1596)
... Removed 30 stack frames]]>
    </failure>
  </testcase> <!-- RFQTest -->
</testsuite> <!-- JdMart -->
